<?xml version="1.0" encoding="UTF-8"?>
<testsuite name="org.mariadb.jdbc.ResultSetUnsupportedMethodsTest" time="0.133" tests="106" errors="0" skipped="0" failures="0">
  <properties>
    <property name="java.runtime.name" value="Java(TM) SE Runtime Environment"/>
    <property name="sun.boot.library.path" value="/Library/Java/JavaVirtualMachines/jdk1.8.0_77.jdk/Contents/Home/jre/lib"/>
    <property name="java.vm.version" value="25.77-b03"/>
    <property name="gopherProxySet" value="false"/>
    <property name="java.vm.vendor" value="Oracle Corporation"/>
    <property name="maven.multiModuleProjectDirectory" value="/Users/mauriciog/Documents/Distributed Systems/Play-WebService/mariadb-connector-j"/>
    <property name="java.vendor.url" value="http://java.oracle.com/"/>
    <property name="path.separator" value=":"/>
    <property name="guice.disable.misplaced.annotation.check" value="true"/>
    <property name="java.vm.name" value="Java HotSpot(TM) 64-Bit Server VM"/>
    <property name="file.encoding.pkg" value="sun.io"/>
    <property name="user.country" value="US"/>
    <property name="sun.java.launcher" value="SUN_STANDARD"/>
    <property name="sun.os.patch.level" value="unknown"/>
    <property name="java.vm.specification.name" value="Java Virtual Machine Specification"/>
    <property name="user.dir" value="/Users/mauriciog/Documents/Distributed Systems/Play-WebService/mariadb-connector-j"/>
    <property name="java.runtime.version" value="1.8.0_77-b03"/>
    <property name="java.awt.graphicsenv" value="sun.awt.CGraphicsEnvironment"/>
    <property name="java.endorsed.dirs" value="/Library/Java/JavaVirtualMachines/jdk1.8.0_77.jdk/Contents/Home/jre/lib/endorsed"/>
    <property name="os.arch" value="x86_64"/>
    <property name="java.io.tmpdir" value="/var/folders/2_/q30w7_x9141b5k2ngzqqzypm0000gn/T/"/>
    <property name="line.separator" value="&#10;"/>
    <property name="java.vm.specification.vendor" value="Oracle Corporation"/>
    <property name="os.name" value="Mac OS X"/>
    <property name="classworlds.conf" value="/Users/mauriciog/.mvnvm/apache-maven-3.3.9/bin/m2.conf"/>
    <property name="sun.jnu.encoding" value="UTF-8"/>
    <property name="java.library.path" value="/Users/mauriciog/Library/Java/Extensions:/Library/Java/Extensions:/Network/Library/Java/Extensions:/System/Library/Java/Extensions:/usr/lib/java:."/>
    <property name="java.specification.name" value="Java Platform API Specification"/>
    <property name="java.class.version" value="52.0"/>
    <property name="sun.management.compiler" value="HotSpot 64-Bit Tiered Compilers"/>
    <property name="os.version" value="10.12.3"/>
    <property name="http.nonProxyHosts" value="local|*.local|169.254/16|*.169.254/16"/>
    <property name="user.home" value="/Users/mauriciog"/>
    <property name="user.timezone" value="America/Mexico_City"/>
    <property name="java.awt.printerjob" value="sun.lwawt.macosx.CPrinterJob"/>
    <property name="java.specification.version" value="1.8"/>
    <property name="file.encoding" value="UTF-8"/>
    <property name="user.name" value="mauriciog"/>
    <property name="java.class.path" value="/Users/mauriciog/.mvnvm/apache-maven-3.3.9/boot/plexus-classworlds-2.5.2.jar"/>
    <property name="java.vm.specification.version" value="1.8"/>
    <property name="sun.arch.data.model" value="64"/>
    <property name="java.home" value="/Library/Java/JavaVirtualMachines/jdk1.8.0_77.jdk/Contents/Home/jre"/>
    <property name="sun.java.command" value="org.codehaus.plexus.classworlds.launcher.Launcher package -e"/>
    <property name="java.specification.vendor" value="Oracle Corporation"/>
    <property name="user.language" value="en"/>
    <property name="awt.toolkit" value="sun.lwawt.macosx.LWCToolkit"/>
    <property name="java.vm.info" value="mixed mode"/>
    <property name="java.version" value="1.8.0_77"/>
    <property name="java.ext.dirs" value="/Users/mauriciog/Library/Java/Extensions:/Library/Java/JavaVirtualMachines/jdk1.8.0_77.jdk/Contents/Home/jre/lib/ext:/Library/Java/Extensions:/Network/Library/Java/Extensions:/System/Library/Java/Extensions:/usr/lib/java"/>
    <property name="sun.boot.class.path" value="/Library/Java/JavaVirtualMachines/jdk1.8.0_77.jdk/Contents/Home/jre/lib/resources.jar:/Library/Java/JavaVirtualMachines/jdk1.8.0_77.jdk/Contents/Home/jre/lib/rt.jar:/Library/Java/JavaVirtualMachines/jdk1.8.0_77.jdk/Contents/Home/jre/lib/sunrsasign.jar:/Library/Java/JavaVirtualMachines/jdk1.8.0_77.jdk/Contents/Home/jre/lib/jsse.jar:/Library/Java/JavaVirtualMachines/jdk1.8.0_77.jdk/Contents/Home/jre/lib/jce.jar:/Library/Java/JavaVirtualMachines/jdk1.8.0_77.jdk/Contents/Home/jre/lib/charsets.jar:/Library/Java/JavaVirtualMachines/jdk1.8.0_77.jdk/Contents/Home/jre/lib/jfr.jar:/Library/Java/JavaVirtualMachines/jdk1.8.0_77.jdk/Contents/Home/jre/classes"/>
    <property name="java.vendor" value="Oracle Corporation"/>
    <property name="maven.home" value="/Users/mauriciog/.mvnvm/apache-maven-3.3.9"/>
    <property name="file.separator" value="/"/>
    <property name="java.vendor.url.bug" value="http://bugreport.sun.com/bugreport/"/>
    <property name="sun.cpu.endian" value="little"/>
    <property name="sun.io.unicode.encoding" value="UnicodeBig"/>
    <property name="socksNonProxyHosts" value="local|*.local|169.254/16|*.169.254/16"/>
    <property name="ftp.nonProxyHosts" value="local|*.local|169.254/16|*.169.254/16"/>
    <property name="sun.cpu.isalist" value=""/>
  </properties>
  <testcase name="testupdateObject2" classname="org.mariadb.jdbc.ResultSetUnsupportedMethodsTest" time="0.003"/>
  <testcase name="testupdateBinaryStream34" classname="org.mariadb.jdbc.ResultSetUnsupportedMethodsTest" time="0.002"/>
  <testcase name="testupdateBinaryStream35" classname="org.mariadb.jdbc.ResultSetUnsupportedMethodsTest" time="0.001"/>
  <testcase name="testupdateBinaryStream36" classname="org.mariadb.jdbc.ResultSetUnsupportedMethodsTest" time="0.001"/>
  <testcase name="testupdateBinaryStream37" classname="org.mariadb.jdbc.ResultSetUnsupportedMethodsTest" time="0.001"/>
  <testcase name="testupdateBinaryStream38" classname="org.mariadb.jdbc.ResultSetUnsupportedMethodsTest" time="0.001"/>
  <testcase name="testupdateBinaryStream39" classname="org.mariadb.jdbc.ResultSetUnsupportedMethodsTest" time="0.001"/>
  <testcase name="testupdateString18" classname="org.mariadb.jdbc.ResultSetUnsupportedMethodsTest" time="0.001"/>
  <testcase name="testupdateString19" classname="org.mariadb.jdbc.ResultSetUnsupportedMethodsTest" time="0.001"/>
  <testcase name="testupdateAsciiStream2" classname="org.mariadb.jdbc.ResultSetUnsupportedMethodsTest" time="0.001"/>
  <testcase name="testupdateBoolean2" classname="org.mariadb.jdbc.ResultSetUnsupportedMethodsTest" time="0.002"/>
  <testcase name="testupdateBoolean3" classname="org.mariadb.jdbc.ResultSetUnsupportedMethodsTest" time="0.007"/>
  <testcase name="testupdateNString68" classname="org.mariadb.jdbc.ResultSetUnsupportedMethodsTest" time="0.002"/>
  <testcase name="testupdateNString69" classname="org.mariadb.jdbc.ResultSetUnsupportedMethodsTest" time="0.001"/>
  <testcase name="testGetArray" classname="org.mariadb.jdbc.ResultSetUnsupportedMethodsTest" time="0.007"/>
  <testcase name="testupdateTimestamp26" classname="org.mariadb.jdbc.ResultSetUnsupportedMethodsTest" time="0.001"/>
  <testcase name="testupdateTimestamp27" classname="org.mariadb.jdbc.ResultSetUnsupportedMethodsTest" time="0.002"/>
  <testcase name="getRowUpdated" classname="org.mariadb.jdbc.ResultSetUnsupportedMethodsTest" time="0.001"/>
  <testcase name="testupdateAsciiStream" classname="org.mariadb.jdbc.ResultSetUnsupportedMethodsTest" time="0.001"/>
  <testcase name="testUpdateRow" classname="org.mariadb.jdbc.ResultSetUnsupportedMethodsTest" time="0.001"/>
  <testcase name="testRowId" classname="org.mariadb.jdbc.ResultSetUnsupportedMethodsTest" time="0.001"/>
  <testcase name="testupdateFloat12" classname="org.mariadb.jdbc.ResultSetUnsupportedMethodsTest" time="0.001"/>
  <testcase name="testupdateFloat13" classname="org.mariadb.jdbc.ResultSetUnsupportedMethodsTest" time="0.001"/>
  <testcase name="testupdateArray64" classname="org.mariadb.jdbc.ResultSetUnsupportedMethodsTest" time="0.001"/>
  <testcase name="testupdateArray65" classname="org.mariadb.jdbc.ResultSetUnsupportedMethodsTest" time="0.001"/>
  <testcase name="testRefreshRow" classname="org.mariadb.jdbc.ResultSetUnsupportedMethodsTest" time="0.001"/>
  <testcase name="testupdateBigDecimal16" classname="org.mariadb.jdbc.ResultSetUnsupportedMethodsTest" time="0.001"/>
  <testcase name="testupdateBigDecimal17" classname="org.mariadb.jdbc.ResultSetUnsupportedMethodsTest" time="0"/>
  <testcase name="testupdateSsqlXml77" classname="org.mariadb.jdbc.ResultSetUnsupportedMethodsTest" time="0"/>
  <testcase name="testupdateCharStream" classname="org.mariadb.jdbc.ResultSetUnsupportedMethodsTest" time="0"/>
  <testcase name="testupdateBlob52" classname="org.mariadb.jdbc.ResultSetUnsupportedMethodsTest" time="0.001"/>
  <testcase name="testupdateBlob53" classname="org.mariadb.jdbc.ResultSetUnsupportedMethodsTest" time="0.001"/>
  <testcase name="testupdateBlob54" classname="org.mariadb.jdbc.ResultSetUnsupportedMethodsTest" time="0.002"/>
  <testcase name="testupdateBlob55" classname="org.mariadb.jdbc.ResultSetUnsupportedMethodsTest" time="0.001"/>
  <testcase name="testupdateBlob56" classname="org.mariadb.jdbc.ResultSetUnsupportedMethodsTest" time="0.001"/>
  <testcase name="testupdateBlob57" classname="org.mariadb.jdbc.ResultSetUnsupportedMethodsTest" time="0"/>
  <testcase name="testupdateClob58" classname="org.mariadb.jdbc.ResultSetUnsupportedMethodsTest" time="0.001"/>
  <testcase name="testupdateClob59" classname="org.mariadb.jdbc.ResultSetUnsupportedMethodsTest" time="0.002"/>
  <testcase name="testupdateClob60" classname="org.mariadb.jdbc.ResultSetUnsupportedMethodsTest" time="0.004"/>
  <testcase name="testupdateClob61" classname="org.mariadb.jdbc.ResultSetUnsupportedMethodsTest" time="0.001"/>
  <testcase name="testupdateClob62" classname="org.mariadb.jdbc.ResultSetUnsupportedMethodsTest" time="0.001"/>
  <testcase name="testupdateClob63" classname="org.mariadb.jdbc.ResultSetUnsupportedMethodsTest" time="0.001"/>
  <testcase name="testupdateDate22" classname="org.mariadb.jdbc.ResultSetUnsupportedMethodsTest" time="0.001"/>
  <testcase name="testupdateDate23" classname="org.mariadb.jdbc.ResultSetUnsupportedMethodsTest" time="0.001"/>
  <testcase name="testGetRef2" classname="org.mariadb.jdbc.ResultSetUnsupportedMethodsTest" time="0.001"/>
  <testcase name="testupdateSqlXml76" classname="org.mariadb.jdbc.ResultSetUnsupportedMethodsTest" time="0.001"/>
  <testcase name="testupdateLong10" classname="org.mariadb.jdbc.ResultSetUnsupportedMethodsTest" time="0.001"/>
  <testcase name="testupdateLong11" classname="org.mariadb.jdbc.ResultSetUnsupportedMethodsTest" time="0.005"/>
  <testcase name="testupdateBinaryStream" classname="org.mariadb.jdbc.ResultSetUnsupportedMethodsTest" time="0.002"/>
  <testcase name="getCursorName" classname="org.mariadb.jdbc.ResultSetUnsupportedMethodsTest" time="0.001"/>
  <testcase name="testupdateObject" classname="org.mariadb.jdbc.ResultSetUnsupportedMethodsTest" time="0.001"/>
  <testcase name="testupdateShort6" classname="org.mariadb.jdbc.ResultSetUnsupportedMethodsTest" time="0.001"/>
  <testcase name="testupdateShort7" classname="org.mariadb.jdbc.ResultSetUnsupportedMethodsTest" time="0.001"/>
  <testcase name="testupdateTime24" classname="org.mariadb.jdbc.ResultSetUnsupportedMethodsTest" time="0.001"/>
  <testcase name="testupdateTime25" classname="org.mariadb.jdbc.ResultSetUnsupportedMethodsTest" time="0.001"/>
  <testcase name="testupdateBytes20" classname="org.mariadb.jdbc.ResultSetUnsupportedMethodsTest" time="0.001"/>
  <testcase name="testupdateBytes21" classname="org.mariadb.jdbc.ResultSetUnsupportedMethodsTest" time="0.002"/>
  <testcase name="getRowDeleted" classname="org.mariadb.jdbc.ResultSetUnsupportedMethodsTest" time="0.001"/>
  <testcase name="testInsertRow" classname="org.mariadb.jdbc.ResultSetUnsupportedMethodsTest" time="0.002"/>
  <testcase name="testDeleteRow" classname="org.mariadb.jdbc.ResultSetUnsupportedMethodsTest" time="0.001"/>
  <testcase name="testupdateNClob70" classname="org.mariadb.jdbc.ResultSetUnsupportedMethodsTest" time="0.001"/>
  <testcase name="testupdateNClob71" classname="org.mariadb.jdbc.ResultSetUnsupportedMethodsTest" time="0.001"/>
  <testcase name="testupdateNClob72" classname="org.mariadb.jdbc.ResultSetUnsupportedMethodsTest" time="0.001"/>
  <testcase name="testupdateNClob73" classname="org.mariadb.jdbc.ResultSetUnsupportedMethodsTest" time="0.002"/>
  <testcase name="testupdateNClob74" classname="org.mariadb.jdbc.ResultSetUnsupportedMethodsTest" time="0.001"/>
  <testcase name="testupdateNClob75" classname="org.mariadb.jdbc.ResultSetUnsupportedMethodsTest" time="0"/>
  <testcase name="getRowInserte" classname="org.mariadb.jdbc.ResultSetUnsupportedMethodsTest" time="0"/>
  <testcase name="testupdateAsciiStream28" classname="org.mariadb.jdbc.ResultSetUnsupportedMethodsTest" time="0"/>
  <testcase name="testupdateAsciiStream29" classname="org.mariadb.jdbc.ResultSetUnsupportedMethodsTest" time="0"/>
  <testcase name="testupdateAsciiStream30" classname="org.mariadb.jdbc.ResultSetUnsupportedMethodsTest" time="0.001"/>
  <testcase name="testupdateAsciiStream31" classname="org.mariadb.jdbc.ResultSetUnsupportedMethodsTest" time="0.001"/>
  <testcase name="testupdateAsciiStream32" classname="org.mariadb.jdbc.ResultSetUnsupportedMethodsTest" time="0.002"/>
  <testcase name="testupdateAsciiStream33" classname="org.mariadb.jdbc.ResultSetUnsupportedMethodsTest" time="0.001"/>
  <testcase name="testupdateObject46" classname="org.mariadb.jdbc.ResultSetUnsupportedMethodsTest" time="0.001"/>
  <testcase name="testupdateObject47" classname="org.mariadb.jdbc.ResultSetUnsupportedMethodsTest" time="0.002"/>
  <testcase name="testupdateObject48" classname="org.mariadb.jdbc.ResultSetUnsupportedMethodsTest" time="0.001"/>
  <testcase name="testupdateObject49" classname="org.mariadb.jdbc.ResultSetUnsupportedMethodsTest" time="0.001"/>
  <testcase name="testupdateRowId66" classname="org.mariadb.jdbc.ResultSetUnsupportedMethodsTest" time="0.001"/>
  <testcase name="testupdateRowId67" classname="org.mariadb.jdbc.ResultSetUnsupportedMethodsTest" time="0.001"/>
  <testcase name="testMoveToCurrentRow" classname="org.mariadb.jdbc.ResultSetUnsupportedMethodsTest" time="0.001"/>
  <testcase name="testMoveToInsertRow" classname="org.mariadb.jdbc.ResultSetUnsupportedMethodsTest" time="0.001"/>
  <testcase name="testupdateInt8" classname="org.mariadb.jdbc.ResultSetUnsupportedMethodsTest" time="0"/>
  <testcase name="testupdateInt9" classname="org.mariadb.jdbc.ResultSetUnsupportedMethodsTest" time="0.001"/>
  <testcase name="testupdateByte4" classname="org.mariadb.jdbc.ResultSetUnsupportedMethodsTest" time="0.001"/>
  <testcase name="testupdateByte5" classname="org.mariadb.jdbc.ResultSetUnsupportedMethodsTest" time="0.001"/>
  <testcase name="testGetRef" classname="org.mariadb.jdbc.ResultSetUnsupportedMethodsTest" time="0.001"/>
  <testcase name="testupdateNull0" classname="org.mariadb.jdbc.ResultSetUnsupportedMethodsTest" time="0.001"/>
  <testcase name="testupdateNull1" classname="org.mariadb.jdbc.ResultSetUnsupportedMethodsTest" time="0"/>
  <testcase name="testupdateRef50" classname="org.mariadb.jdbc.ResultSetUnsupportedMethodsTest" time="0.002"/>
  <testcase name="testupdateRef51" classname="org.mariadb.jdbc.ResultSetUnsupportedMethodsTest" time="0"/>
  <testcase name="testCancelRowUpdates" classname="org.mariadb.jdbc.ResultSetUnsupportedMethodsTest" time="0.001"/>
  <testcase name="testupdateBinaryStream2" classname="org.mariadb.jdbc.ResultSetUnsupportedMethodsTest" time="0.001"/>
  <testcase name="testRowId2" classname="org.mariadb.jdbc.ResultSetUnsupportedMethodsTest" time="0.002"/>
  <testcase name="testupdateNCharacterStream78" classname="org.mariadb.jdbc.ResultSetUnsupportedMethodsTest" time="0.001"/>
  <testcase name="testupdateNCharacterStream79" classname="org.mariadb.jdbc.ResultSetUnsupportedMethodsTest" time="0.001"/>
  <testcase name="testupdateNCharacterStream80" classname="org.mariadb.jdbc.ResultSetUnsupportedMethodsTest" time="0.001"/>
  <testcase name="testupdateNCharacterStream81" classname="org.mariadb.jdbc.ResultSetUnsupportedMethodsTest" time="0.001"/>
  <testcase name="testupdateDouble14" classname="org.mariadb.jdbc.ResultSetUnsupportedMethodsTest" time="0.001"/>
  <testcase name="testupdateDouble15" classname="org.mariadb.jdbc.ResultSetUnsupportedMethodsTest" time="0.001"/>
  <testcase name="testupdateCharStream2" classname="org.mariadb.jdbc.ResultSetUnsupportedMethodsTest" time="0.001"/>
  <testcase name="testupdateCharacterStream40" classname="org.mariadb.jdbc.ResultSetUnsupportedMethodsTest" time="0.003"/>
  <testcase name="testupdateCharacterStream41" classname="org.mariadb.jdbc.ResultSetUnsupportedMethodsTest" time="0.001"/>
  <testcase name="testupdateCharacterStream42" classname="org.mariadb.jdbc.ResultSetUnsupportedMethodsTest" time="0.001"/>
  <testcase name="testupdateCharacterStream43" classname="org.mariadb.jdbc.ResultSetUnsupportedMethodsTest" time="0.001"/>
  <testcase name="testupdateCharacterStream44" classname="org.mariadb.jdbc.ResultSetUnsupportedMethodsTest" time="0.001"/>
  <testcase name="testupdateCharacterStream45" classname="org.mariadb.jdbc.ResultSetUnsupportedMethodsTest" time="0.002"/>
</testsuite>