<?xml version="1.0" encoding="UTF-8"?>
<testsuite name="org.mariadb.jdbc.JdbcParserTest" time="0.021" tests="28" errors="0" skipped="0" failures="0">
  <properties>
    <property name="java.runtime.name" value="Java(TM) SE Runtime Environment"/>
    <property name="sun.boot.library.path" value="/Library/Java/JavaVirtualMachines/jdk1.8.0_77.jdk/Contents/Home/jre/lib"/>
    <property name="java.vm.version" value="25.77-b03"/>
    <property name="gopherProxySet" value="false"/>
    <property name="java.vm.vendor" value="Oracle Corporation"/>
    <property name="maven.multiModuleProjectDirectory" value="/Users/mauriciog/Documents/Distributed Systems/Play-WebService/mariadb-connector-j"/>
    <property name="java.vendor.url" value="http://java.oracle.com/"/>
    <property name="path.separator" value=":"/>
    <property name="guice.disable.misplaced.annotation.check" value="true"/>
    <property name="java.vm.name" value="Java HotSpot(TM) 64-Bit Server VM"/>
    <property name="file.encoding.pkg" value="sun.io"/>
    <property name="user.country" value="US"/>
    <property name="sun.java.launcher" value="SUN_STANDARD"/>
    <property name="sun.os.patch.level" value="unknown"/>
    <property name="java.vm.specification.name" value="Java Virtual Machine Specification"/>
    <property name="user.dir" value="/Users/mauriciog/Documents/Distributed Systems/Play-WebService/mariadb-connector-j"/>
    <property name="java.runtime.version" value="1.8.0_77-b03"/>
    <property name="java.awt.graphicsenv" value="sun.awt.CGraphicsEnvironment"/>
    <property name="java.endorsed.dirs" value="/Library/Java/JavaVirtualMachines/jdk1.8.0_77.jdk/Contents/Home/jre/lib/endorsed"/>
    <property name="os.arch" value="x86_64"/>
    <property name="java.io.tmpdir" value="/var/folders/2_/q30w7_x9141b5k2ngzqqzypm0000gn/T/"/>
    <property name="line.separator" value="&#10;"/>
    <property name="java.vm.specification.vendor" value="Oracle Corporation"/>
    <property name="os.name" value="Mac OS X"/>
    <property name="classworlds.conf" value="/Users/mauriciog/.mvnvm/apache-maven-3.3.9/bin/m2.conf"/>
    <property name="sun.jnu.encoding" value="UTF-8"/>
    <property name="java.library.path" value="/Users/mauriciog/Library/Java/Extensions:/Library/Java/Extensions:/Network/Library/Java/Extensions:/System/Library/Java/Extensions:/usr/lib/java:."/>
    <property name="java.specification.name" value="Java Platform API Specification"/>
    <property name="java.class.version" value="52.0"/>
    <property name="sun.management.compiler" value="HotSpot 64-Bit Tiered Compilers"/>
    <property name="os.version" value="10.12.3"/>
    <property name="http.nonProxyHosts" value="local|*.local|169.254/16|*.169.254/16"/>
    <property name="user.home" value="/Users/mauriciog"/>
    <property name="user.timezone" value="America/Mexico_City"/>
    <property name="java.awt.printerjob" value="sun.lwawt.macosx.CPrinterJob"/>
    <property name="java.specification.version" value="1.8"/>
    <property name="file.encoding" value="UTF-8"/>
    <property name="user.name" value="mauriciog"/>
    <property name="java.class.path" value="/Users/mauriciog/.mvnvm/apache-maven-3.3.9/boot/plexus-classworlds-2.5.2.jar"/>
    <property name="java.vm.specification.version" value="1.8"/>
    <property name="sun.arch.data.model" value="64"/>
    <property name="java.home" value="/Library/Java/JavaVirtualMachines/jdk1.8.0_77.jdk/Contents/Home/jre"/>
    <property name="sun.java.command" value="org.codehaus.plexus.classworlds.launcher.Launcher package -e"/>
    <property name="java.specification.vendor" value="Oracle Corporation"/>
    <property name="user.language" value="en"/>
    <property name="awt.toolkit" value="sun.lwawt.macosx.LWCToolkit"/>
    <property name="java.vm.info" value="mixed mode"/>
    <property name="java.version" value="1.8.0_77"/>
    <property name="java.ext.dirs" value="/Users/mauriciog/Library/Java/Extensions:/Library/Java/JavaVirtualMachines/jdk1.8.0_77.jdk/Contents/Home/jre/lib/ext:/Library/Java/Extensions:/Network/Library/Java/Extensions:/System/Library/Java/Extensions:/usr/lib/java"/>
    <property name="sun.boot.class.path" value="/Library/Java/JavaVirtualMachines/jdk1.8.0_77.jdk/Contents/Home/jre/lib/resources.jar:/Library/Java/JavaVirtualMachines/jdk1.8.0_77.jdk/Contents/Home/jre/lib/rt.jar:/Library/Java/JavaVirtualMachines/jdk1.8.0_77.jdk/Contents/Home/jre/lib/sunrsasign.jar:/Library/Java/JavaVirtualMachines/jdk1.8.0_77.jdk/Contents/Home/jre/lib/jsse.jar:/Library/Java/JavaVirtualMachines/jdk1.8.0_77.jdk/Contents/Home/jre/lib/jce.jar:/Library/Java/JavaVirtualMachines/jdk1.8.0_77.jdk/Contents/Home/jre/lib/charsets.jar:/Library/Java/JavaVirtualMachines/jdk1.8.0_77.jdk/Contents/Home/jre/lib/jfr.jar:/Library/Java/JavaVirtualMachines/jdk1.8.0_77.jdk/Contents/Home/jre/classes"/>
    <property name="java.vendor" value="Oracle Corporation"/>
    <property name="maven.home" value="/Users/mauriciog/.mvnvm/apache-maven-3.3.9"/>
    <property name="file.separator" value="/"/>
    <property name="java.vendor.url.bug" value="http://bugreport.sun.com/bugreport/"/>
    <property name="sun.cpu.endian" value="little"/>
    <property name="sun.io.unicode.encoding" value="UnicodeBig"/>
    <property name="socksNonProxyHosts" value="local|*.local|169.254/16|*.169.254/16"/>
    <property name="ftp.nonProxyHosts" value="local|*.local|169.254/16|*.169.254/16"/>
    <property name="sun.cpu.isalist" value=""/>
  </properties>
  <testcase name="testAcceptsUrl" classname="org.mariadb.jdbc.JdbcParserTest" time="0"/>
  <testcase name="testJdbcParserWithoutDatabaseWithProperties" classname="org.mariadb.jdbc.JdbcParserTest" time="0"/>
  <testcase name="testOptionParseSlash" classname="org.mariadb.jdbc.JdbcParserTest" time="0.001"/>
  <testcase name="testJdbcParserSimpleIpv4basic" classname="org.mariadb.jdbc.JdbcParserTest" time="0"/>
  <testcase name="testMariaAlias" classname="org.mariadb.jdbc.JdbcParserTest" time="0.001"/>
  <testcase name="testJdbcParserHaModeNone" classname="org.mariadb.jdbc.JdbcParserTest" time="0"/>
  <testcase name="testJdbcParserSimpleIpv4basicwithoutDatabase" classname="org.mariadb.jdbc.JdbcParserTest" time="0.001"/>
  <testcase name="testOptionParse" classname="org.mariadb.jdbc.JdbcParserTest" time="0"/>
  <testcase name="testJdbcParserHaModeLoadAurora" classname="org.mariadb.jdbc.JdbcParserTest" time="0.001"/>
  <testcase name="testJdbcParserSimpleIpv4basicError" classname="org.mariadb.jdbc.JdbcParserTest" time="0"/>
  <testcase name="testJdbcParserSimpleIpv4" classname="org.mariadb.jdbc.JdbcParserTest" time="0"/>
  <testcase name="testJdbcParserSimpleIpv6" classname="org.mariadb.jdbc.JdbcParserTest" time="0.001"/>
  <testcase name="testJdbcParserHaModeLoadReplication" classname="org.mariadb.jdbc.JdbcParserTest" time="0"/>
  <testcase name="testJdbcParserSimpleIpv4PropertiesReversedOrder" classname="org.mariadb.jdbc.JdbcParserTest" time="0.001"/>
  <testcase name="testNAmePipeUrl" classname="org.mariadb.jdbc.JdbcParserTest" time="0"/>
  <testcase name="testJdbcParserParameterErrorEqual" classname="org.mariadb.jdbc.JdbcParserTest" time="0.001"/>
  <testcase name="testOptionTakeDefaultAurora" classname="org.mariadb.jdbc.JdbcParserTest" time="0.001"/>
  <testcase name="testOptionParseIntegerNotPossible" classname="org.mariadb.jdbc.JdbcParserTest" time="0"/>
  <testcase name="testJdbcParserReplicationParameterWithoutType" classname="org.mariadb.jdbc.JdbcParserTest" time="0.001"/>
  <testcase name="testSslAlias" classname="org.mariadb.jdbc.JdbcParserTest" time="0"/>
  <testcase name="testOptionTakeDefault" classname="org.mariadb.jdbc.JdbcParserTest" time="0"/>
  <testcase name="testAuroraUseBatchMultiSend" classname="org.mariadb.jdbc.JdbcParserTest" time="0"/>
  <testcase name="checkDisable" classname="org.mariadb.jdbc.JdbcParserTest" time="0"/>
  <testcase name="testOptionParseIntegerMinimum" classname="org.mariadb.jdbc.JdbcParserTest" time="0"/>
  <testcase name="testJdbcParserSimpleIpv4Properties" classname="org.mariadb.jdbc.JdbcParserTest" time="0.001"/>
  <testcase name="testJdbcParserParameter" classname="org.mariadb.jdbc.JdbcParserTest" time="0.009"/>
  <testcase name="checkOtherDriverCompatibility" classname="org.mariadb.jdbc.JdbcParserTest" time="0"/>
  <testcase name="testJdbcParserReplicationParameter" classname="org.mariadb.jdbc.JdbcParserTest" time="0.002"/>
</testsuite>